[2023-01-26 14:17:14,352] {taskinstance.py:1159} INFO - Dependencies all met for <TaskInstance: d1_script.insert_district_daily manual__2023-01-26T14:17:10.330296+00:00 [queued]>
[2023-01-26 14:17:14,362] {taskinstance.py:1159} INFO - Dependencies all met for <TaskInstance: d1_script.insert_district_daily manual__2023-01-26T14:17:10.330296+00:00 [queued]>
[2023-01-26 14:17:14,363] {taskinstance.py:1356} INFO - 
--------------------------------------------------------------------------------
[2023-01-26 14:17:14,363] {taskinstance.py:1357} INFO - Starting attempt 1 of 1
[2023-01-26 14:17:14,363] {taskinstance.py:1358} INFO - 
--------------------------------------------------------------------------------
[2023-01-26 14:17:14,379] {taskinstance.py:1377} INFO - Executing <Task(PythonOperator): insert_district_daily> on 2023-01-26 14:17:10.330296+00:00
[2023-01-26 14:17:14,385] {standard_task_runner.py:52} INFO - Started process 533 to run task
[2023-01-26 14:17:14,387] {standard_task_runner.py:79} INFO - Running: ['***', 'tasks', 'run', 'd1_script', 'insert_district_daily', 'manual__2023-01-26T14:17:10.330296+00:00', '--job-id', '10', '--raw', '--subdir', 'DAGS_FOLDER/d1_script.py', '--cfg-path', '/tmp/tmp0xp9340_', '--error-file', '/tmp/tmpytxu73n_']
[2023-01-26 14:17:14,388] {standard_task_runner.py:80} INFO - Job 10: Subtask insert_district_daily
[2023-01-26 14:17:14,436] {task_command.py:369} INFO - Running <TaskInstance: d1_script.insert_district_daily manual__2023-01-26T14:17:10.330296+00:00 [running]> on host ec233ae30e03
[2023-01-26 14:17:14,513] {taskinstance.py:1571} INFO - Exporting the following env vars:
AIRFLOW_CTX_DAG_OWNER=***
AIRFLOW_CTX_DAG_ID=d1_script
AIRFLOW_CTX_TASK_ID=insert_district_daily
AIRFLOW_CTX_EXECUTION_DATE=2023-01-26T14:17:10.330296+00:00
AIRFLOW_CTX_TRY_NUMBER=1
AIRFLOW_CTX_DAG_RUN_ID=manual__2023-01-26T14:17:10.330296+00:00
[2023-01-26 14:17:14,631] {logging_mixin.py:115} INFO - [INFO] GET DATA FROM MYSQL IS SUCCESSFUL
[2023-01-26 14:17:14,632] {logging_mixin.py:115} INFO - [INFO] TOTAL GETTING DATA TIME FROM MYSQL IS 0.07409000396728516 S
[2023-01-26 14:17:14,652] {logging_mixin.py:115} INFO - [INFO] GET DATA FROM MYSQL IS SUCCESSFUL
[2023-01-26 14:17:14,653] {logging_mixin.py:115} INFO - [INFO] TOTAL GETTING DATA TIME FROM MYSQL IS 0.020711660385131836 S
[2023-01-26 14:17:14,730] {logging_mixin.py:115} INFO - [INFO] INSERTED TO POSTGRES IS SUCCESSFUL
[2023-01-26 14:17:14,730] {logging_mixin.py:115} INFO - [INFO] TOTAL INSERTED TIME TO POSTGRES IS 0.02923727035522461 S
[2023-01-26 14:17:14,826] {logging_mixin.py:115} INFO - [INFO] INSERTED TO POSTGRES IS SUCCESSFUL
[2023-01-26 14:17:14,827] {logging_mixin.py:115} INFO - [INFO] TOTAL INSERTED TIME TO POSTGRES IS 0.06970882415771484 S
[2023-01-26 14:17:14,827] {python.py:173} INFO - Done. Returned value was: None
[2023-01-26 14:17:14,845] {taskinstance.py:1400} INFO - Marking task as SUCCESS. dag_id=d1_script, task_id=insert_district_daily, execution_date=20230126T141710, start_date=20230126T141714, end_date=20230126T141714
[2023-01-26 14:17:14,881] {local_task_job.py:156} INFO - Task exited with return code 0
[2023-01-26 14:17:14,914] {local_task_job.py:273} INFO - 0 downstream tasks scheduled from follow-on schedule check
