[2023-01-26 14:03:45,574] {taskinstance.py:1159} INFO - Dependencies all met for <TaskInstance: d1_script.insert_district_daily scheduled__2023-01-25T00:00:00+00:00 [queued]>
[2023-01-26 14:03:45,586] {taskinstance.py:1159} INFO - Dependencies all met for <TaskInstance: d1_script.insert_district_daily scheduled__2023-01-25T00:00:00+00:00 [queued]>
[2023-01-26 14:03:45,587] {taskinstance.py:1356} INFO - 
--------------------------------------------------------------------------------
[2023-01-26 14:03:45,587] {taskinstance.py:1357} INFO - Starting attempt 1 of 1
[2023-01-26 14:03:45,587] {taskinstance.py:1358} INFO - 
--------------------------------------------------------------------------------
[2023-01-26 14:03:45,603] {taskinstance.py:1377} INFO - Executing <Task(PythonOperator): insert_district_daily> on 2023-01-25 00:00:00+00:00
[2023-01-26 14:03:45,609] {standard_task_runner.py:52} INFO - Started process 365 to run task
[2023-01-26 14:03:45,611] {standard_task_runner.py:79} INFO - Running: ['***', 'tasks', 'run', 'd1_script', 'insert_district_daily', 'scheduled__2023-01-25T00:00:00+00:00', '--job-id', '7', '--raw', '--subdir', 'DAGS_FOLDER/d1_script.py', '--cfg-path', '/tmp/tmpryn7_ulj', '--error-file', '/tmp/tmputqdtp3d']
[2023-01-26 14:03:45,612] {standard_task_runner.py:80} INFO - Job 7: Subtask insert_district_daily
[2023-01-26 14:03:45,666] {task_command.py:369} INFO - Running <TaskInstance: d1_script.insert_district_daily scheduled__2023-01-25T00:00:00+00:00 [running]> on host ec233ae30e03
[2023-01-26 14:03:45,747] {taskinstance.py:1571} INFO - Exporting the following env vars:
AIRFLOW_CTX_DAG_OWNER=***
AIRFLOW_CTX_DAG_ID=d1_script
AIRFLOW_CTX_TASK_ID=insert_district_daily
AIRFLOW_CTX_EXECUTION_DATE=2023-01-25T00:00:00+00:00
AIRFLOW_CTX_TRY_NUMBER=1
AIRFLOW_CTX_DAG_RUN_ID=scheduled__2023-01-25T00:00:00+00:00
[2023-01-26 14:03:45,865] {logging_mixin.py:115} INFO - [INFO] GET DATA FROM MYSQL IS SUCCESSFUL
[2023-01-26 14:03:45,866] {logging_mixin.py:115} INFO - [INFO] TOTAL GETTING DATA TIME FROM MYSQL IS 0.07361817359924316 S
[2023-01-26 14:03:45,890] {logging_mixin.py:115} INFO - [INFO] GET DATA FROM MYSQL IS SUCCESSFUL
[2023-01-26 14:03:45,891] {logging_mixin.py:115} INFO - [INFO] TOTAL GETTING DATA TIME FROM MYSQL IS 0.024697303771972656 S
[2023-01-26 14:03:45,969] {logging_mixin.py:115} INFO - [INFO] INSERTED TO POSTGRES IS SUCCESSFUL
[2023-01-26 14:03:45,970] {logging_mixin.py:115} INFO - [INFO] TOTAL INSERTED TIME TO POSTGRES IS 0.031354427337646484 S
[2023-01-26 14:03:46,070] {logging_mixin.py:115} INFO - [INFO] INSERTED TO POSTGRES IS SUCCESSFUL
[2023-01-26 14:03:46,071] {logging_mixin.py:115} INFO - [INFO] TOTAL INSERTED TIME TO POSTGRES IS 0.07715439796447754 S
[2023-01-26 14:03:46,072] {python.py:173} INFO - Done. Returned value was: None
[2023-01-26 14:03:46,086] {taskinstance.py:1400} INFO - Marking task as SUCCESS. dag_id=d1_script, task_id=insert_district_daily, execution_date=20230125T000000, start_date=20230126T140345, end_date=20230126T140346
[2023-01-26 14:03:46,146] {local_task_job.py:156} INFO - Task exited with return code 0
[2023-01-26 14:03:46,183] {local_task_job.py:273} INFO - 0 downstream tasks scheduled from follow-on schedule check
