[2023-01-26 14:17:13,177] {taskinstance.py:1159} INFO - Dependencies all met for <TaskInstance: d1_script.generate_dim manual__2023-01-26T14:17:10.330296+00:00 [queued]>
[2023-01-26 14:17:13,188] {taskinstance.py:1159} INFO - Dependencies all met for <TaskInstance: d1_script.generate_dim manual__2023-01-26T14:17:10.330296+00:00 [queued]>
[2023-01-26 14:17:13,189] {taskinstance.py:1356} INFO - 
--------------------------------------------------------------------------------
[2023-01-26 14:17:13,189] {taskinstance.py:1357} INFO - Starting attempt 1 of 1
[2023-01-26 14:17:13,190] {taskinstance.py:1358} INFO - 
--------------------------------------------------------------------------------
[2023-01-26 14:17:13,207] {taskinstance.py:1377} INFO - Executing <Task(PythonOperator): generate_dim> on 2023-01-26 14:17:10.330296+00:00
[2023-01-26 14:17:13,214] {standard_task_runner.py:52} INFO - Started process 527 to run task
[2023-01-26 14:17:13,217] {standard_task_runner.py:79} INFO - Running: ['***', 'tasks', 'run', 'd1_script', 'generate_dim', 'manual__2023-01-26T14:17:10.330296+00:00', '--job-id', '9', '--raw', '--subdir', 'DAGS_FOLDER/d1_script.py', '--cfg-path', '/tmp/tmp0q62pm_b', '--error-file', '/tmp/tmpcvf8v6m9']
[2023-01-26 14:17:13,218] {standard_task_runner.py:80} INFO - Job 9: Subtask generate_dim
[2023-01-26 14:17:13,272] {task_command.py:369} INFO - Running <TaskInstance: d1_script.generate_dim manual__2023-01-26T14:17:10.330296+00:00 [running]> on host ec233ae30e03
[2023-01-26 14:17:13,342] {taskinstance.py:1571} INFO - Exporting the following env vars:
AIRFLOW_CTX_DAG_OWNER=***
AIRFLOW_CTX_DAG_ID=d1_script
AIRFLOW_CTX_TASK_ID=generate_dim
AIRFLOW_CTX_EXECUTION_DATE=2023-01-26T14:17:10.330296+00:00
AIRFLOW_CTX_TRY_NUMBER=1
AIRFLOW_CTX_DAG_RUN_ID=manual__2023-01-26T14:17:10.330296+00:00
[2023-01-26 14:17:13,454] {logging_mixin.py:115} INFO - [INFO] GET DATA FROM MYSQL IS SUCCESSFUL
[2023-01-26 14:17:13,455] {logging_mixin.py:115} INFO - [INFO] TOTAL GETTING DATA TIME FROM MYSQL IS 0.07506728172302246 S
[2023-01-26 14:17:13,542] {logging_mixin.py:115} INFO - [INFO] INSERTED TO POSTGRES IS SUCCESSFUL
[2023-01-26 14:17:13,543] {logging_mixin.py:115} INFO - [INFO] TOTAL INSERTED TIME TO POSTGRES IS 0.03525209426879883 S
[2023-01-26 14:17:13,568] {logging_mixin.py:115} INFO - [INFO] GET DATA FROM MYSQL IS SUCCESSFUL
[2023-01-26 14:17:13,568] {logging_mixin.py:115} INFO - [INFO] TOTAL GETTING DATA TIME FROM MYSQL IS 0.02495718002319336 S
[2023-01-26 14:17:13,612] {logging_mixin.py:115} INFO - [INFO] INSERTED TO POSTGRES IS SUCCESSFUL
[2023-01-26 14:17:13,612] {logging_mixin.py:115} INFO - [INFO] TOTAL INSERTED TIME TO POSTGRES IS 0.0321197509765625 S
[2023-01-26 14:17:13,638] {logging_mixin.py:115} INFO - [INFO] GET DATA FROM MYSQL IS SUCCESSFUL
[2023-01-26 14:17:13,638] {logging_mixin.py:115} INFO - [INFO] TOTAL GETTING DATA TIME FROM MYSQL IS 0.02513718605041504 S
[2023-01-26 14:17:13,677] {logging_mixin.py:115} INFO - [INFO] INSERTED TO POSTGRES IS SUCCESSFUL
[2023-01-26 14:17:13,677] {logging_mixin.py:115} INFO - [INFO] TOTAL INSERTED TIME TO POSTGRES IS 0.027262449264526367 S
[2023-01-26 14:17:13,677] {python.py:173} INFO - Done. Returned value was: None
[2023-01-26 14:17:13,692] {taskinstance.py:1400} INFO - Marking task as SUCCESS. dag_id=d1_script, task_id=generate_dim, execution_date=20230126T141710, start_date=20230126T141713, end_date=20230126T141713
[2023-01-26 14:17:13,711] {local_task_job.py:156} INFO - Task exited with return code 0
[2023-01-26 14:17:13,760] {local_task_job.py:273} INFO - 0 downstream tasks scheduled from follow-on schedule check
