[2023-01-26 14:17:14,317] {taskinstance.py:1159} INFO - Dependencies all met for <TaskInstance: d1_script.insert_province_daily manual__2023-01-26T14:17:10.330296+00:00 [queued]>
[2023-01-26 14:17:14,327] {taskinstance.py:1159} INFO - Dependencies all met for <TaskInstance: d1_script.insert_province_daily manual__2023-01-26T14:17:10.330296+00:00 [queued]>
[2023-01-26 14:17:14,327] {taskinstance.py:1356} INFO - 
--------------------------------------------------------------------------------
[2023-01-26 14:17:14,328] {taskinstance.py:1357} INFO - Starting attempt 1 of 1
[2023-01-26 14:17:14,328] {taskinstance.py:1358} INFO - 
--------------------------------------------------------------------------------
[2023-01-26 14:17:14,343] {taskinstance.py:1377} INFO - Executing <Task(PythonOperator): insert_province_daily> on 2023-01-26 14:17:10.330296+00:00
[2023-01-26 14:17:14,349] {standard_task_runner.py:52} INFO - Started process 532 to run task
[2023-01-26 14:17:14,352] {standard_task_runner.py:79} INFO - Running: ['***', 'tasks', 'run', 'd1_script', 'insert_province_daily', 'manual__2023-01-26T14:17:10.330296+00:00', '--job-id', '11', '--raw', '--subdir', 'DAGS_FOLDER/d1_script.py', '--cfg-path', '/tmp/tmp3x7m3860', '--error-file', '/tmp/tmp2wuh03d9']
[2023-01-26 14:17:14,352] {standard_task_runner.py:80} INFO - Job 11: Subtask insert_province_daily
[2023-01-26 14:17:14,403] {task_command.py:369} INFO - Running <TaskInstance: d1_script.insert_province_daily manual__2023-01-26T14:17:10.330296+00:00 [running]> on host ec233ae30e03
[2023-01-26 14:17:14,479] {taskinstance.py:1571} INFO - Exporting the following env vars:
AIRFLOW_CTX_DAG_OWNER=***
AIRFLOW_CTX_DAG_ID=d1_script
AIRFLOW_CTX_TASK_ID=insert_province_daily
AIRFLOW_CTX_EXECUTION_DATE=2023-01-26T14:17:10.330296+00:00
AIRFLOW_CTX_TRY_NUMBER=1
AIRFLOW_CTX_DAG_RUN_ID=manual__2023-01-26T14:17:10.330296+00:00
[2023-01-26 14:17:14,582] {logging_mixin.py:115} INFO - [INFO] GET DATA FROM MYSQL IS SUCCESSFUL
[2023-01-26 14:17:14,583] {logging_mixin.py:115} INFO - [INFO] TOTAL GETTING DATA TIME FROM MYSQL IS 0.06624579429626465 S
[2023-01-26 14:17:14,606] {logging_mixin.py:115} INFO - [INFO] GET DATA FROM MYSQL IS SUCCESSFUL
[2023-01-26 14:17:14,607] {logging_mixin.py:115} INFO - [INFO] TOTAL GETTING DATA TIME FROM MYSQL IS 0.023337364196777344 S
[2023-01-26 14:17:14,685] {logging_mixin.py:115} INFO - [INFO] INSERTED TO POSTGRES IS SUCCESSFUL
[2023-01-26 14:17:14,686] {logging_mixin.py:115} INFO - [INFO] TOTAL INSERTED TIME TO POSTGRES IS 0.03245711326599121 S
[2023-01-26 14:17:14,737] {logging_mixin.py:115} INFO - [INFO] INSERTED TO POSTGRES IS SUCCESSFUL
[2023-01-26 14:17:14,737] {logging_mixin.py:115} INFO - [INFO] TOTAL INSERTED TIME TO POSTGRES IS 0.0252077579498291 S
[2023-01-26 14:17:14,738] {python.py:173} INFO - Done. Returned value was: None
[2023-01-26 14:17:14,751] {taskinstance.py:1400} INFO - Marking task as SUCCESS. dag_id=d1_script, task_id=insert_province_daily, execution_date=20230126T141710, start_date=20230126T141714, end_date=20230126T141714
[2023-01-26 14:17:14,805] {local_task_job.py:156} INFO - Task exited with return code 0
[2023-01-26 14:17:14,843] {local_task_job.py:273} INFO - 0 downstream tasks scheduled from follow-on schedule check
